{"f:\\Workspace\\intranetIp\\controllers\\home.js":{"path":"f:\\Workspace\\intranetIp\\controllers\\home.js","s":{"1":1,"2":1,"3":1,"4":1},"b":{},"f":{"1":1,"2":1},"fnMap":{"1":{"name":"(anonymous_1)","line":1,"loc":{"start":{"line":1,"column":17},"end":{"line":1,"column":32}}},"2":{"name":"(anonymous_2)","line":5,"loc":{"start":{"line":5,"column":10},"end":{"line":5,"column":30}}}},"statementMap":{"1":{"start":{"line":1,"column":0},"end":{"line":18,"column":2}},"2":{"start":{"line":2,"column":1},"end":{"line":15,"column":3}},"3":{"start":{"line":7,"column":4},"end":{"line":7,"column":38}},"4":{"start":{"line":17,"column":1},"end":{"line":17,"column":23}}},"branchMap":{}}}